<?xml version="1.0" encoding="utf-8"?><testsuites name="pytest tests"><testsuite name="pytest" errors="0" failures="0" skipped="0" tests="43" time="38.176" timestamp="2026-06-12T10:17:53.103067+00:00" hostname="agent-env-58368398-d8d8-4b01-8001-92aada04ad60"><testcase classname="backend.tests.backend_test.TestRootAndLevels" name="test_root_welcome" time="0.151" /><testcase classname="backend.tests.backend_test.TestRootAndLevels" name="test_levels" time="0.043" /><testcase classname="backend.tests.backend_test.TestQuestions" name="test_pyq_no_leak" time="0.045" /><testcase classname="backend.tests.backend_test.TestQuestions" name="test_filter_by_subject" time="0.046" /><testcase classname="backend.tests.backend_test.TestLeaderboardShape" name="test_periods_return_list[daily]" time="0.045" /><testcase classname="backend.tests.backend_test.TestLeaderboardShape" name="test_periods_return_list[weekly]" time="0.042" /><testcase classname="backend.tests.backend_test.TestLeaderboardShape" name="test_periods_return_list[monthly]" time="0.046" /><testcase classname="backend.tests.backend_test.TestLeaderboardShape" name="test_periods_return_list[all_time]" time="0.045" /><testcase classname="backend.tests.backend_test.TestAuth" name="test_me_unauthenticated" time="0.094" /><testcase classname="backend.tests.backend_test.TestAuth" name="test_me_with_bearer" time="1.005" /><testcase classname="backend.tests.backend_test.TestUsername" name="test_invalid_chars" time="0.866" /><testcase classname="backend.tests.backend_test.TestUsername" name="test_too_short" time="0.888" /><testcase classname="backend.tests.backend_test.TestUsername" name="test_valid_set" time="1.093" /><testcase classname="backend.tests.backend_test.TestUsername" name="test_duplicate" time="2.135" /><testcase classname="backend.tests.backend_test.TestQuizSubmit" name="test_xp_award_basic" time="1.271" /><testcase classname="backend.tests.backend_test.TestQuizSubmit" name="test_wrong_answer_no_xp" time="3.308" /><testcase classname="backend.tests.backend_test.TestQuizSubmit" name="test_chapter_completion_bonus" time="1.297" /><testcase classname="backend.tests.backend_test.TestQuizSubmit" name="test_daily_quiz_bonus_once" time="10.221" /><testcase classname="backend.tests.backend_test.TestProfile" name="test_profile_found" time="0.811" /><testcase classname="backend.tests.backend_test.TestProfile" name="test_profile_not_found" time="0.046" /><testcase classname="backend.tests.backend_test.TestLeaderboardWithAttempt" name="test_daily_period_includes_user_after_submit" time="1.353" /><testcase classname="backend.tests.test_admin_and_xp.TestAuthMeFlags" name="test_admin_me_has_is_admin_true" time="0.129" /><testcase classname="backend.tests.test_admin_and_xp.TestAuthMeFlags" name="test_regular_me_has_is_admin_false" time="0.102" /><testcase classname="backend.tests.test_admin_and_xp.TestAdminStats" name="test_stats_no_token_401" time="0.092" /><testcase classname="backend.tests.test_admin_and_xp.TestAdminStats" name="test_stats_non_admin_403" time="0.106" /><testcase classname="backend.tests.test_admin_and_xp.TestAdminStats" name="test_stats_admin_ok" time="0.102" /><testcase classname="backend.tests.test_admin_and_xp.TestAdminUsers" name="test_users_non_admin_403" time="0.090" /><testcase classname="backend.tests.test_admin_and_xp.TestAdminUsers" name="test_users_admin_ok" time="0.108" /><testcase classname="backend.tests.test_admin_and_xp.TestAdminQuestionsCRUD" name="test_list_questions_admin" time="0.123" /><testcase classname="backend.tests.test_admin_and_xp.TestAdminQuestionsCRUD" name="test_list_questions_subject_filter" time="0.127" /><testcase classname="backend.tests.test_admin_and_xp.TestAdminQuestionsCRUD" name="test_list_questions_non_admin_403" time="0.107" /><testcase classname="backend.tests.test_admin_and_xp.TestAdminQuestionsCRUD" name="test_create_update_delete_flow" time="0.505" /><testcase classname="backend.tests.test_admin_and_xp.TestAdminQuestionsCRUD" name="test_create_validates_options_count" time="0.092" /><testcase classname="backend.tests.test_admin_and_xp.TestAdminQuestionsCRUD" name="test_create_validates_correct_range" time="0.100" /><testcase classname="backend.tests.test_admin_and_xp.TestAdminQuestionsCRUD" name="test_non_admin_cannot_create" time="0.131" /><testcase classname="backend.tests.test_admin_and_xp.TestAdminAIGenerate" name="test_ai_generate_admin" time="5.092" /><testcase classname="backend.tests.test_admin_and_xp.TestAdminAIGenerate" name="test_ai_generate_non_admin_403" time="0.120" /><testcase classname="backend.tests.test_admin_and_xp.TestXpRules" name="test_two_correct_one_wrong_with_bonuses" time="1.322" /><testcase classname="backend.tests.test_admin_and_xp.TestXpRules" name="test_all_wrong_floored_at_zero" time="1.326" /><testcase classname="backend.tests.test_admin_and_xp.TestXpRules" name="test_total_xp_never_decreases" time="1.594" /><testcase classname="backend.tests.test_admin_and_xp.TestXpRules" name="test_daily_bonus_applies_to_any_mode" time="1.403" /><testcase classname="backend.tests.test_admin_and_xp.TestLeaderboardPremium" name="test_all_time_top3_premium_flag" time="0.103" /><testcase classname="backend.tests.test_admin_and_xp.TestLeaderboardPremium" name="test_profile_premium_for_top_rank" time="0.403" /></testsuite></testsuites>